<?xml version="1.0" encoding="UTF-8"?>
<!-- Generated by org.testng.reporters.JUnitReportReporter -->
<testsuite hostname="adikusuma" failures="0" tests="1" name="qaautomation.march2022.RegisterApiTest" time="3.132" errors="0" timestamp="12 May 2022 02:44:57 GMT" skipped="0">
  <testcase classname="qaautomation.march2022.RegisterApiTest" name="registerTest" time="3.132"/>
</testsuite> <!-- qaautomation.march2022.RegisterApiTest -->
